Using pre-set license
Built from '2020.3/staging' branch; Version is '2020.3.24f1 (79c78de19888) revision 7980941'; Using compiler version '192528614'; Build Type 'Release'
OS: 'Windows 10  (10.0.19043) 64bit Core' Language: 'en' Physical Memory: 16336 MB
BatchMode: 1, IsHumanControllingUs: 0, StartBugReporterOnCrash: 0, Is64bit: 1, IsPro: 0

COMMAND LINE ARGUMENTS:
E:\Program Files\2020.3.24f1\Editor\Unity.exe
-adb2
-batchMode
-noUpm
-name
AssetImportWorker0
-projectPath
E:/Projects/Game Projects/Unity/Navigacha/Navigacha
-logFile
Logs/AssetImportWorker0.log
-srvPort
59323
Successfully changed project path to: E:/Projects/Game Projects/Unity/Navigacha/Navigacha
E:/Projects/Game Projects/Unity/Navigacha/Navigacha
Using Asset Import Pipeline V2.
Refreshing native plugins compatible for Editor in 58.43 ms, found 3 plugins.
Preloading 0 native plugins for Editor in 0.00 ms.
Initialize engine version: 2020.3.24f1 (79c78de19888)
[Subsystems] Discovering subsystems at path E:/Program Files/2020.3.24f1/Editor/Data/Resources/UnitySubsystems
[Subsystems] Discovering subsystems at path E:/Projects/Game Projects/Unity/Navigacha/Navigacha/Assets
GfxDevice: creating device client; threaded=0
Direct3D:
    Version:  Direct3D 11.0 [level 11.1]
    Renderer: NVIDIA GeForce GTX 1060 3GB (ID=0x1c02)
    Vendor:   
    VRAM:     2988 MB
    Driver:   30.0.14.9676
Initialize mono
Mono path[0] = 'E:/Program Files/2020.3.24f1/Editor/Data/Managed'
Mono path[1] = 'E:/Program Files/2020.3.24f1/Editor/Data/MonoBleedingEdge/lib/mono/unityjit'
Mono config path = 'E:/Program Files/2020.3.24f1/Editor/Data/MonoBleedingEdge/etc'
Using monoOptions --debugger-agent=transport=dt_socket,embedding=1,server=y,suspend=n,address=127.0.0.1:56676
Begin MonoManager ReloadAssembly
Registering precompiled unity dll's ...
Register platform support module: E:/Program Files/2020.3.24f1/Editor/Data/PlaybackEngines/WindowsStandaloneSupport/UnityEditor.WindowsStandalone.Extensions.dll
Registered in 0.001400 seconds.
Native extension for WindowsStandalone target not found
Refreshing native plugins compatible for Editor in 59.94 ms, found 3 plugins.
Preloading 0 native plugins for Editor in 0.00 ms.
Mono: successfully reloaded assembly
- Completed reload, in  0.704 seconds
Domain Reload Profiling:
	ReloadAssembly (704ms)
		BeginReloadAssembly (62ms)
			ExecutionOrderSort (0ms)
			DisableScriptedObjects (0ms)
			BackupInstance (0ms)
			ReleaseScriptingObjects (0ms)
			CreateAndSetChildDomain (1ms)
		EndReloadAssembly (559ms)
			LoadAssemblies (61ms)
			RebuildTransferFunctionScriptingTraits (0ms)
			SetupTypeCache (180ms)
			ReleaseScriptCaches (0ms)
			RebuildScriptCaches (34ms)
			SetupLoadedEditorAssemblies (228ms)
				LogAssemblyErrors (0ms)
				InitializePlatformSupportModulesInManaged (5ms)
				SetLoadedEditorAssemblies (0ms)
				RefreshPlugins (60ms)
				BeforeProcessingInitializeOnLoad (21ms)
				ProcessInitializeOnLoadAttributes (108ms)
				ProcessInitializeOnLoadMethodAttributes (34ms)
				AfterProcessingInitializeOnLoad (0ms)
				EditorAssembliesLoaded (0ms)
			ExecutionOrderSort2 (0ms)
			AwakeInstancesAfterBackupRestoration (0ms)
Platform modules already initialized, skipping
Registering precompiled user dll's ...
Registered in 0.033860 seconds.
Begin MonoManager ReloadAssembly
Native extension for WindowsStandalone target not found
Refreshing native plugins compatible for Editor in 56.28 ms, found 3 plugins.
Preloading 0 native plugins for Editor in 0.00 ms.
Mono: successfully reloaded assembly
- Completed reload, in  1.320 seconds
Domain Reload Profiling:
	ReloadAssembly (1321ms)
		BeginReloadAssembly (167ms)
			ExecutionOrderSort (0ms)
			DisableScriptedObjects (6ms)
			BackupInstance (0ms)
			ReleaseScriptingObjects (0ms)
			CreateAndSetChildDomain (20ms)
		EndReloadAssembly (1085ms)
			LoadAssemblies (107ms)
			RebuildTransferFunctionScriptingTraits (0ms)
			SetupTypeCache (356ms)
			ReleaseScriptCaches (1ms)
			RebuildScriptCaches (55ms)
			SetupLoadedEditorAssemblies (420ms)
				LogAssemblyErrors (0ms)
				InitializePlatformSupportModulesInManaged (4ms)
				SetLoadedEditorAssemblies (0ms)
				RefreshPlugins (56ms)
				BeforeProcessingInitializeOnLoad (93ms)
				ProcessInitializeOnLoadAttributes (236ms)
				ProcessInitializeOnLoadMethodAttributes (27ms)
				AfterProcessingInitializeOnLoad (3ms)
				EditorAssembliesLoaded (0ms)
			ExecutionOrderSort2 (0ms)
			AwakeInstancesAfterBackupRestoration (8ms)
Platform modules already initialized, skipping
========================================================================
Worker process is ready to serve import requests
Launched and connected shader compiler UnityShaderCompiler.exe after 0.23 seconds
Refreshing native plugins compatible for Editor in 0.62 ms, found 3 plugins.
Preloading 0 native plugins for Editor in 0.00 ms.
Unloading 2298 Unused Serialized files (Serialized files now loaded: 0)
System memory in use before: 98.9 MB.
System memory in use after: 99.1 MB.

Unloading 41 unused Assets to reduce memory usage. Loaded Objects now: 2718.
Total: 3.951300 ms (FindLiveObjects: 0.264600 ms CreateObjectMapping: 0.067900 ms MarkObjects: 3.516900 ms  DeleteObjects: 0.100500 ms)

AssetImportParameters requested are different than current active one (requested -> active):
  custom:framework-win-MediaFoundation: 216162199b28c13a410421893ffa2e32 -> 
  custom:video-decoder-ogg-theora: a1e56fd34408186e4bbccfd4996cb3dc -> 
  custom:container-muxer-webm: aa71ff27fc2769a1b78a27578f13a17b -> 
  custom:container-demuxer-webm: 4f35f7cbe854078d1ac9338744f61a02 -> 
  custom:container-demuxer-ogg: 62fdf1f143b41e24485cea50d1cbac27 -> 
  custom:video-encoder-webm-vp8: eb34c28f22e8b96e1ab97ce403110664 -> 
  custom:video-codec-MediaFoundation-h265: 746d11721c4dcdbdad8f713fa42b33f4 -> 
  custom:video-decoder-webm-vp8: 9c59270c3fd7afecdb556c50c9e8de78 -> 
  custom:audio-decoder-ogg-vorbis: bf7c407c2cedff20999df2af8eb42d56 -> 
  custom:audio-encoder-webm-vorbis: bf7c407c2cedff20999df2af8eb42d56 -> 
========================================================================
Received Import Request.
  path: Assets/20 Static Sprites/Sprites/Npcs/Forest/Forest_07.png
  artifactKey: Guid(eaa981ec0b94aa9449c3b8d6d1ee0bed) Importer(815301076,1909f56bfc062723c751e8b465ee728b)
Start importing Assets/20 Static Sprites/Sprites/Npcs/Forest/Forest_07.png using Guid(eaa981ec0b94aa9449c3b8d6d1ee0bed) Importer(815301076,1909f56bfc062723c751e8b465ee728b)  -> (artifact id: '9f6db53e1167f2ef22c8912478068565') in 0.300809 seconds 
  Import took 0.325034 seconds .

========================================================================
Received Import Request.
  Time since last request: 0.000194 seconds.
  path: Assets/20 Static Sprites/Sprites/Npcs/Forest/Forest_01.png
  artifactKey: Guid(c73242f0606727b4989550c6a8c73f1d) Importer(815301076,1909f56bfc062723c751e8b465ee728b)
Start importing Assets/20 Static Sprites/Sprites/Npcs/Forest/Forest_01.png using Guid(c73242f0606727b4989550c6a8c73f1d) Importer(815301076,1909f56bfc062723c751e8b465ee728b)  -> (artifact id: '860465f0b8e44f1d81b2b9a91c107340') in 0.028885 seconds 
  Import took 0.044999 seconds .

========================================================================
Received Import Request.
  Time since last request: 0.000234 seconds.
  path: Assets/20 Static Sprites/Sprites/Npcs/Forest/Forest_04.png
  artifactKey: Guid(2676067b68cbe4f47ac80893ba876900) Importer(815301076,1909f56bfc062723c751e8b465ee728b)
Start importing Assets/20 Static Sprites/Sprites/Npcs/Forest/Forest_04.png using Guid(2676067b68cbe4f47ac80893ba876900) Importer(815301076,1909f56bfc062723c751e8b465ee728b)  -> (artifact id: '69df1e0b3b1c5a2dd35839067747eb60') in 0.015855 seconds 
  Import took 0.019323 seconds .

========================================================================
Received Import Request.
  Time since last request: 0.000217 seconds.
  path: Assets/20 Static Sprites/Sprites/Npcs/Forest/Forest_03.png
  artifactKey: Guid(7b077775fd3f5fa4abc282243ea7123d) Importer(815301076,1909f56bfc062723c751e8b465ee728b)
Start importing Assets/20 Static Sprites/Sprites/Npcs/Forest/Forest_03.png using Guid(7b077775fd3f5fa4abc282243ea7123d) Importer(815301076,1909f56bfc062723c751e8b465ee728b)  -> (artifact id: 'fde6fda7b27f2d0ea088c49dd5028a0f') in 0.027256 seconds 
  Import took 0.031499 seconds .

========================================================================
Received Import Request.
  Time since last request: 0.000234 seconds.
  path: Assets/20 Static Sprites/Sprites/Npcs
  artifactKey: Guid(18a7b1bb9d2d85f48b570cdbd1131343) Importer(815301076,1909f56bfc062723c751e8b465ee728b)
Start importing Assets/20 Static Sprites/Sprites/Npcs using Guid(18a7b1bb9d2d85f48b570cdbd1131343) Importer(815301076,1909f56bfc062723c751e8b465ee728b)  -> (artifact id: '2a1f998e1c0e899f87cbe8049e54f920') in 0.006169 seconds 
  Import took 0.022215 seconds .

========================================================================
Received Import Request.
  Time since last request: 0.000202 seconds.
  path: Assets/20 Static Sprites/Sprites/Npcs/Forest/Forest_02.png
  artifactKey: Guid(c36a0605e95726e44bb11a86c72880e5) Importer(815301076,1909f56bfc062723c751e8b465ee728b)
Start importing Assets/20 Static Sprites/Sprites/Npcs/Forest/Forest_02.png using Guid(c36a0605e95726e44bb11a86c72880e5) Importer(815301076,1909f56bfc062723c751e8b465ee728b)  -> (artifact id: 'c9eafe23257b2ee2cd8ba84a73293413') in 0.015348 seconds 
  Import took 0.023094 seconds .

========================================================================
Received Import Request.
  Time since last request: 0.000186 seconds.
  path: Assets/20 Static Sprites/Sprites/Npcs/Forest
  artifactKey: Guid(d4060c31854e21741bc014ddd264b02a) Importer(815301076,1909f56bfc062723c751e8b465ee728b)
Start importing Assets/20 Static Sprites/Sprites/Npcs/Forest using Guid(d4060c31854e21741bc014ddd264b02a) Importer(815301076,1909f56bfc062723c751e8b465ee728b)  -> (artifact id: 'e2352ce482ac18349f13e796292b5d5e') in 0.005784 seconds 
  Import took 0.016220 seconds .

========================================================================
Received Import Request.
  Time since last request: 0.000185 seconds.
  path: Assets/20 Static Sprites/Sprites/Npcs/Forest/Forest_05.png
  artifactKey: Guid(679be1269ccf8554aa8f1cb922b69b6b) Importer(815301076,1909f56bfc062723c751e8b465ee728b)
Start importing Assets/20 Static Sprites/Sprites/Npcs/Forest/Forest_05.png using Guid(679be1269ccf8554aa8f1cb922b69b6b) Importer(815301076,1909f56bfc062723c751e8b465ee728b)  -> (artifact id: 'a386eeb3767f14229bf64c2ef86067ac') in 0.022485 seconds 
  Import took 0.027241 seconds .

========================================================================
Received Import Request.
  Time since last request: 0.000241 seconds.
  path: Assets/20 Static Sprites/Sprites/Npcs/Forest/Forest_08.png
  artifactKey: Guid(f2334decfca5b674ab28077079bc3eec) Importer(815301076,1909f56bfc062723c751e8b465ee728b)
Start importing Assets/20 Static Sprites/Sprites/Npcs/Forest/Forest_08.png using Guid(f2334decfca5b674ab28077079bc3eec) Importer(815301076,1909f56bfc062723c751e8b465ee728b)  -> (artifact id: 'f0ea606a5e927d70516b2dcfa869bef4') in 0.033920 seconds 
  Import took 0.037787 seconds .

========================================================================
Received Import Request.
  Time since last request: 0.000182 seconds.
  path: Assets/20 Static Sprites/Sprites/Npcs/Forest/Forest_06.png
  artifactKey: Guid(eb328d4d768fe514495a571685194869) Importer(815301076,1909f56bfc062723c751e8b465ee728b)
Start importing Assets/20 Static Sprites/Sprites/Npcs/Forest/Forest_06.png using Guid(eb328d4d768fe514495a571685194869) Importer(815301076,1909f56bfc062723c751e8b465ee728b)  -> (artifact id: '8723877745f73ff8c809180728fb8aa7') in 0.030507 seconds 
  Import took 0.034331 seconds .

========================================================================
Received Import Request.
  Time since last request: 6.568751 seconds.
  path: Assets/20 Static Sprites/Sprites/Npcs/Desert/Desert_01.png
  artifactKey: Guid(306c44a167203764b986bbc49c90ca7a) Importer(815301076,1909f56bfc062723c751e8b465ee728b)
Start importing Assets/20 Static Sprites/Sprites/Npcs/Desert/Desert_01.png using Guid(306c44a167203764b986bbc49c90ca7a) Importer(815301076,1909f56bfc062723c751e8b465ee728b)  -> (artifact id: '93c3617020e1ea55d7dcc294d1bdb473') in 0.029424 seconds 
  Import took 0.038781 seconds .

========================================================================
Received Import Request.
  Time since last request: 0.000203 seconds.
  path: Assets/20 Static Sprites/Sprites/Npcs/Desert/Desert_05.png
  artifactKey: Guid(9f50ed368b0003a4e8e1f68397b0c086) Importer(815301076,1909f56bfc062723c751e8b465ee728b)
Start importing Assets/20 Static Sprites/Sprites/Npcs/Desert/Desert_05.png using Guid(9f50ed368b0003a4e8e1f68397b0c086) Importer(815301076,1909f56bfc062723c751e8b465ee728b)  -> (artifact id: 'e02ebec9d05aca144a3ecee0904ac31d') in 0.033379 seconds 
  Import took 0.037306 seconds .

========================================================================
Received Import Request.
  Time since last request: 0.000210 seconds.
  path: Assets/20 Static Sprites/Sprites/Npcs/Desert/Desert_06.png
  artifactKey: Guid(0d28622725044f84ca1b51148297abd7) Importer(815301076,1909f56bfc062723c751e8b465ee728b)
Start importing Assets/20 Static Sprites/Sprites/Npcs/Desert/Desert_06.png using Guid(0d28622725044f84ca1b51148297abd7) Importer(815301076,1909f56bfc062723c751e8b465ee728b)  -> (artifact id: 'cfe3581cba7c0c413cad4b393d37f2dd') in 0.031330 seconds 
  Import took 0.050442 seconds .

========================================================================
Received Import Request.
  Time since last request: 0.000204 seconds.
  path: Assets/20 Static Sprites/Sprites/Npcs/Desert/Desert_04.png
  artifactKey: Guid(def712409ee977c43a31ef45eb238e03) Importer(815301076,1909f56bfc062723c751e8b465ee728b)
Start importing Assets/20 Static Sprites/Sprites/Npcs/Desert/Desert_04.png using Guid(def712409ee977c43a31ef45eb238e03) Importer(815301076,1909f56bfc062723c751e8b465ee728b)  -> (artifact id: 'e97b9b69cc3a84ade592dfb278feca71') in 0.034436 seconds 
  Import took 0.048471 seconds .

========================================================================
Received Import Request.
  Time since last request: 0.000231 seconds.
  path: Assets/20 Static Sprites/Sprites/Npcs/Desert/Desert_03.png
  artifactKey: Guid(e0e88a53fb5dd7541a0fb2b9849ac1a0) Importer(815301076,1909f56bfc062723c751e8b465ee728b)
Start importing Assets/20 Static Sprites/Sprites/Npcs/Desert/Desert_03.png using Guid(e0e88a53fb5dd7541a0fb2b9849ac1a0) Importer(815301076,1909f56bfc062723c751e8b465ee728b)  -> (artifact id: '8bccdaf0d19736cd248b41848b4ac61a') in 0.021274 seconds 
  Import took 0.024989 seconds .

========================================================================
Received Import Request.
  Time since last request: 0.000223 seconds.
  path: Assets/20 Static Sprites/Sprites/Npcs/Desert/Desert_02.png
  artifactKey: Guid(02cf98205d741344bba3d521d5c1e622) Importer(815301076,1909f56bfc062723c751e8b465ee728b)
Start importing Assets/20 Static Sprites/Sprites/Npcs/Desert/Desert_02.png using Guid(02cf98205d741344bba3d521d5c1e622) Importer(815301076,1909f56bfc062723c751e8b465ee728b)  -> (artifact id: 'a14ce7bd10f04f91fff0ae93894028d2') in 0.022117 seconds 
  Import took 0.027178 seconds .

========================================================================
Received Import Request.
  Time since last request: 0.000212 seconds.
  path: Assets/20 Static Sprites/Sprites/Npcs/Desert/Desert_08.png
  artifactKey: Guid(0aaf42b0da1c6234baf0c68274486c17) Importer(815301076,1909f56bfc062723c751e8b465ee728b)
Start importing Assets/20 Static Sprites/Sprites/Npcs/Desert/Desert_08.png using Guid(0aaf42b0da1c6234baf0c68274486c17) Importer(815301076,1909f56bfc062723c751e8b465ee728b)  -> (artifact id: 'bf885fe1addf37520a2c9a3960f3054b') in 0.021099 seconds 
  Import took 0.038107 seconds .

========================================================================
Received Import Request.
  Time since last request: 0.000329 seconds.
  path: Assets/20 Static Sprites/Sprites/Npcs/Desert/Desert_07.png
  artifactKey: Guid(404d63091ac79964d8be6f47135b7264) Importer(815301076,1909f56bfc062723c751e8b465ee728b)
Start importing Assets/20 Static Sprites/Sprites/Npcs/Desert/Desert_07.png using Guid(404d63091ac79964d8be6f47135b7264) Importer(815301076,1909f56bfc062723c751e8b465ee728b)  -> (artifact id: '0e8f880a12e73120ccbe61b8d4805308') in 0.020833 seconds 
  Import took 0.024947 seconds .

========================================================================
Received Import Request.
  Time since last request: 22.574411 seconds.
  path: Assets/20 Static Sprites/Sprites/Npcs/Desert
  artifactKey: Guid(5ced2ce3c65438842acdf19b533c9fe7) Importer(815301076,1909f56bfc062723c751e8b465ee728b)
Start importing Assets/20 Static Sprites/Sprites/Npcs/Desert using Guid(5ced2ce3c65438842acdf19b533c9fe7) Importer(815301076,1909f56bfc062723c751e8b465ee728b)  -> (artifact id: 'b3a6505020ec6b81f30a20f5dcf9db52') in 0.006277 seconds 
  Import took 0.010345 seconds .

========================================================================
Received Import Request.
  Time since last request: 191.081834 seconds.
  path: Packages/com.unity.2d.sprite/Editor/ObjectMenuCreation/DefaultAssets/Textures/9-Sliced.png
  artifactKey: Guid(71ebafeef3c03457483266a33ab2b270) Importer(815301076,1909f56bfc062723c751e8b465ee728b)
Start importing Packages/com.unity.2d.sprite/Editor/ObjectMenuCreation/DefaultAssets/Textures/9-Sliced.png using Guid(71ebafeef3c03457483266a33ab2b270) Importer(815301076,1909f56bfc062723c751e8b465ee728b)  -> (artifact id: '0ea08e4411f98851f91f00718d3ff46f') in 0.067414 seconds 
  Import took 0.071475 seconds .

========================================================================
Received Import Request.
  Time since last request: 0.000270 seconds.
  path: Packages/com.unity.2d.sprite/Editor/ObjectMenuCreation/DefaultAssets/Textures/HexagonPointed-Top.png
  artifactKey: Guid(eed45a33cd08446c8b88325cf82fc52f) Importer(815301076,1909f56bfc062723c751e8b465ee728b)
Start importing Packages/com.unity.2d.sprite/Editor/ObjectMenuCreation/DefaultAssets/Textures/HexagonPointed-Top.png using Guid(eed45a33cd08446c8b88325cf82fc52f) Importer(815301076,1909f56bfc062723c751e8b465ee728b)  -> (artifact id: '1809652a82d8d22ff10af5a0b0652610') in 0.036907 seconds 
  Import took 0.052965 seconds .

========================================================================
Received Import Request.
  Time since last request: 0.000281 seconds.
  path: Packages/com.unity.2d.sprite/Editor/ObjectMenuCreation/DefaultAssets/Textures/HexagonPointed-TopWithBorder.png
  artifactKey: Guid(4b2a04fdbe0ef4d8da8f90eaca817cd1) Importer(815301076,1909f56bfc062723c751e8b465ee728b)
Start importing Packages/com.unity.2d.sprite/Editor/ObjectMenuCreation/DefaultAssets/Textures/HexagonPointed-TopWithBorder.png using Guid(4b2a04fdbe0ef4d8da8f90eaca817cd1) Importer(815301076,1909f56bfc062723c751e8b465ee728b)  -> (artifact id: '50858912bcacf81ddc08543ec3f9aa89') in 0.034625 seconds 
  Import took 0.053436 seconds .

========================================================================
Received Import Request.
  Time since last request: 0.000232 seconds.
  path: Packages/com.unity.2d.sprite/Editor/ObjectMenuCreation/DefaultAssets/Textures/HexagonFlat-TopWithBorder.png
  artifactKey: Guid(a9716c16a44a94eed9b5c90fbf4d9bdd) Importer(815301076,1909f56bfc062723c751e8b465ee728b)
Start importing Packages/com.unity.2d.sprite/Editor/ObjectMenuCreation/DefaultAssets/Textures/HexagonFlat-TopWithBorder.png using Guid(a9716c16a44a94eed9b5c90fbf4d9bdd) Importer(815301076,1909f56bfc062723c751e8b465ee728b)  -> (artifact id: '3c1507bf4f496c46ba43d87bf87ee59e') in 0.033795 seconds 
  Import took 0.055726 seconds .

========================================================================
Received Import Request.
  Time since last request: 0.000227 seconds.
  path: Packages/com.unity.2d.sprite/Editor/ObjectMenuCreation/DefaultAssets/Textures/Capsule.png
  artifactKey: Guid(bd3cb4af8406d4436a2ae8c2aafe1f8d) Importer(815301076,1909f56bfc062723c751e8b465ee728b)
Start importing Packages/com.unity.2d.sprite/Editor/ObjectMenuCreation/DefaultAssets/Textures/Capsule.png using Guid(bd3cb4af8406d4436a2ae8c2aafe1f8d) Importer(815301076,1909f56bfc062723c751e8b465ee728b)  -> (artifact id: '4720ed190e1a7817bbfc67a079ccfd84') in 0.037977 seconds 
  Import took 0.053969 seconds .

========================================================================
Received Import Request.
  Time since last request: 0.000210 seconds.
  path: Packages/com.unity.2d.sprite/Editor/ObjectMenuCreation/DefaultAssets/Textures/HexagonFlat-Top.png
  artifactKey: Guid(16037dbd798344f57a526d53d48f5ead) Importer(815301076,1909f56bfc062723c751e8b465ee728b)
Start importing Packages/com.unity.2d.sprite/Editor/ObjectMenuCreation/DefaultAssets/Textures/HexagonFlat-Top.png using Guid(16037dbd798344f57a526d53d48f5ead) Importer(815301076,1909f56bfc062723c751e8b465ee728b)  -> (artifact id: '02a715b525ddce76caf760635f8aeeea') in 0.036225 seconds 
  Import took 0.040424 seconds .

========================================================================
Received Import Request.
  Time since last request: 0.000196 seconds.
  path: Packages/com.unity.2d.sprite/Editor/ObjectMenuCreation/DefaultAssets/Textures/CircleMask.png
  artifactKey: Guid(87aaca0a643d54397ba969dab4fc8875) Importer(815301076,1909f56bfc062723c751e8b465ee728b)
Start importing Packages/com.unity.2d.sprite/Editor/ObjectMenuCreation/DefaultAssets/Textures/CircleMask.png using Guid(87aaca0a643d54397ba969dab4fc8875) Importer(815301076,1909f56bfc062723c751e8b465ee728b)  -> (artifact id: '336ea944f911d78053f811db356c0369') in 0.024268 seconds 
  Import took 0.046063 seconds .

========================================================================
Received Import Request.
  Time since last request: 0.000242 seconds.
  path: Packages/com.unity.2d.sprite/Editor/ObjectMenuCreation/DefaultAssets/Textures/9-SlicedWithBorder.png
  artifactKey: Guid(cc35afd292fc349128b36a291fb3a165) Importer(815301076,1909f56bfc062723c751e8b465ee728b)
Start importing Packages/com.unity.2d.sprite/Editor/ObjectMenuCreation/DefaultAssets/Textures/9-SlicedWithBorder.png using Guid(cc35afd292fc349128b36a291fb3a165) Importer(815301076,1909f56bfc062723c751e8b465ee728b)  -> (artifact id: '600f97cdfd3edc6a1685d83d25fc157c') in 0.028963 seconds 
  Import took 0.033315 seconds .

========================================================================
Received Import Request.
  Time since last request: 0.000228 seconds.
  path: Packages/com.unity.2d.sprite/Editor/ObjectMenuCreation/DefaultAssets/Textures/Square.png
  artifactKey: Guid(48e93eef0688c4a259cb0eddcd8661f7) Importer(815301076,1909f56bfc062723c751e8b465ee728b)
Start importing Packages/com.unity.2d.sprite/Editor/ObjectMenuCreation/DefaultAssets/Textures/Square.png using Guid(48e93eef0688c4a259cb0eddcd8661f7) Importer(815301076,1909f56bfc062723c751e8b465ee728b)  -> (artifact id: '67f9d2c87602c9de665cd5edc8b46197') in 0.015936 seconds 
  Import took 0.020061 seconds .

========================================================================
Received Import Request.
  Time since last request: 0.000230 seconds.
  path: Packages/com.unity.2d.sprite/Editor/ObjectMenuCreation/DefaultAssets/Textures/Circle.png
  artifactKey: Guid(ebe73ca9363db456bacf42c025bb4847) Importer(815301076,1909f56bfc062723c751e8b465ee728b)
Start importing Packages/com.unity.2d.sprite/Editor/ObjectMenuCreation/DefaultAssets/Textures/Circle.png using Guid(ebe73ca9363db456bacf42c025bb4847) Importer(815301076,1909f56bfc062723c751e8b465ee728b)  -> (artifact id: '7d8c39de7271b5a455345680f1bcb82c') in 0.046664 seconds 
  Import took 0.050539 seconds .

========================================================================
Received Import Request.
  Time since last request: 0.000260 seconds.
  path: Packages/com.unity.2d.sprite/Editor/ObjectMenuCreation/DefaultAssets/Textures/CircleWithBorder.png
  artifactKey: Guid(4adeaf2d2b1c7417e89f026626d8264f) Importer(815301076,1909f56bfc062723c751e8b465ee728b)
Start importing Packages/com.unity.2d.sprite/Editor/ObjectMenuCreation/DefaultAssets/Textures/CircleWithBorder.png using Guid(4adeaf2d2b1c7417e89f026626d8264f) Importer(815301076,1909f56bfc062723c751e8b465ee728b)  -> (artifact id: 'd8c5976af4148e7eb69b1e4a48d95fe6') in 0.019366 seconds 
  Import took 0.038902 seconds .

========================================================================
Received Import Request.
  Time since last request: 0.000268 seconds.
  path: Packages/com.unity.2d.sprite/Editor/ObjectMenuCreation/DefaultAssets/Textures/SquareWithBorder.png
  artifactKey: Guid(db750325989564987a34393247d883b4) Importer(815301076,1909f56bfc062723c751e8b465ee728b)
Start importing Packages/com.unity.2d.sprite/Editor/ObjectMenuCreation/DefaultAssets/Textures/SquareWithBorder.png using Guid(db750325989564987a34393247d883b4) Importer(815301076,1909f56bfc062723c751e8b465ee728b)  -> (artifact id: 'f6609b4886f6a7b5e886870c4517a228') in 0.030110 seconds 
  Import took 0.034235 seconds .

========================================================================
Received Import Request.
  Time since last request: 0.000256 seconds.
  path: Packages/com.unity.2d.sprite/Editor/ObjectMenuCreation/DefaultAssets/Textures/IsometricDiamond.png
  artifactKey: Guid(045b15ec09bba42448d89db77fa6f20a) Importer(815301076,1909f56bfc062723c751e8b465ee728b)
Start importing Packages/com.unity.2d.sprite/Editor/ObjectMenuCreation/DefaultAssets/Textures/IsometricDiamond.png using Guid(045b15ec09bba42448d89db77fa6f20a) Importer(815301076,1909f56bfc062723c751e8b465ee728b)  -> (artifact id: '219c897d45680a2c55bb4df6d0d2fb5f') in 0.029879 seconds 
  Import took 0.033917 seconds .

========================================================================
Received Import Request.
  Time since last request: 0.000262 seconds.
  path: Packages/com.unity.2d.sprite/Editor/ObjectMenuCreation/DefaultAssets/Textures/CapsuleWithBorder.png
  artifactKey: Guid(34587324d412940a79d530020c957dc0) Importer(815301076,1909f56bfc062723c751e8b465ee728b)
Start importing Packages/com.unity.2d.sprite/Editor/ObjectMenuCreation/DefaultAssets/Textures/CapsuleWithBorder.png using Guid(34587324d412940a79d530020c957dc0) Importer(815301076,1909f56bfc062723c751e8b465ee728b)  -> (artifact id: '08ad02565640520517df1e4abf7b01ce') in 0.024248 seconds 
  Import took 0.028258 seconds .

========================================================================
Received Import Request.
  Time since last request: 0.000218 seconds.
  path: Packages/com.unity.2d.sprite/Editor/ObjectMenuCreation/DefaultAssets/Textures/IsometricDiamondWithBorder.png
  artifactKey: Guid(0d267bc78a0864eb48358689b29ed20a) Importer(815301076,1909f56bfc062723c751e8b465ee728b)
Start importing Packages/com.unity.2d.sprite/Editor/ObjectMenuCreation/DefaultAssets/Textures/IsometricDiamondWithBorder.png using Guid(0d267bc78a0864eb48358689b29ed20a) Importer(815301076,1909f56bfc062723c751e8b465ee728b)  -> (artifact id: '7d4d89f411a6aa10865620de9ba94abd') in 0.018563 seconds 
  Import took 0.022472 seconds .

AssetImportWorkerClient::OnTransportError - code=2 error=End of file
